23:58:16.247 [main] INFO  testCases.TC001_AccountRegistrationTest - Providing customer details...
23:58:18.840 [main] INFO  testCases.TC001_AccountRegistrationTest - Validating expected message...
23:58:18.929 [main] INFO  testCases.TC001_AccountRegistrationTest - *** Finished TC001_AccountRegistrationTest ***
23:58:20.877 [main] INFO  testCases.TC002_LoginTest - **** Starting execution TC002_LoginTest *****
23:58:23.616 [main] INFO  testCases.TC002_LoginTest - **** Finished execution TC002_LoginTest *****
23:58:33.020 [main] INFO  testCases.TC001_AccountRegistrationTest - *** Starting TC001_AccountRegistrationTest ***
23:58:33.377 [main] INFO  testCases.TC001_AccountRegistrationTest - Clicked on MyAccount Link...
23:58:34.008 [main] INFO  testCases.TC001_AccountRegistrationTest - Clicked on Register Link...
23:58:34.008 [main] INFO  testCases.TC001_AccountRegistrationTest - Providing customer details...
23:58:36.463 [main] INFO  testCases.TC001_AccountRegistrationTest - Validating expected message...
23:58:36.540 [main] INFO  testCases.TC001_AccountRegistrationTest - *** Finished TC001_AccountRegistrationTest ***
23:58:43.431 [main] INFO  testCases.TC002_LoginTest - **** Starting execution TC002_LoginTest *****
23:58:45.465 [main] INFO  testCases.TC002_LoginTest - **** Finished execution TC002_LoginTest *****
22:37:58.335 [main] INFO  org.testng.internal.Utils - [TestNG] Running:
  E:\Eclipse Workspace\OpencartV33\master.xml

22:39:23.123 [main] INFO  org.testng.internal.Utils - [TestNG] Running:
  E:\Eclipse Workspace\OpencartV33\master.xml

22:41:13.743 [main] INFO  org.testng.internal.Utils - [TestNG] Running:
  E:\Eclipse Workspace\OpencartV33\master.xml

22:42:19.445 [main] INFO  org.testng.internal.Utils - [TestNG] Running:
  E:\Eclipse Workspace\OpencartV33\master.xml

22:46:02.820 [main] INFO  org.testng.internal.Utils - [TestNG] Running:
  E:\Eclipse Workspace\OpencartV33\master.xml

22:46:08.564 [main] INFO  testCases.TC001_AccountRegistrationTest - *** Starting TC001_AccountRegistrationTest ***
22:46:08.682 [main] INFO  testCases.TC001_AccountRegistrationTest - Clicked on MyAccount Link...
22:46:09.004 [main] INFO  testCases.TC001_AccountRegistrationTest - Clicked on Register Link...
22:46:09.006 [main] INFO  testCases.TC001_AccountRegistrationTest - Providing customer details...
22:46:10.734 [main] INFO  testCases.TC001_AccountRegistrationTest - Validating expected message...
22:46:10.815 [main] INFO  testCases.TC001_AccountRegistrationTest - *** Finished TC001_AccountRegistrationTest ***
22:46:13.315 [main] INFO  testCases.TC002_LoginTest - **** Starting execution TC002_LoginTest *****
22:46:15.058 [main] INFO  testCases.TC002_LoginTest - **** Finished execution TC002_LoginTest *****
23:00:20.382 [main] INFO  testCases.TC001_AccountRegistrationTest - *** Starting TC001_AccountRegistrationTest ***
23:00:20.529 [main] INFO  testCases.TC001_AccountRegistrationTest - Clicked on MyAccount Link...
23:00:20.898 [main] INFO  testCases.TC001_AccountRegistrationTest - Clicked on Register Link...
23:00:20.903 [main] INFO  testCases.TC001_AccountRegistrationTest - Providing customer details...
23:00:22.606 [main] INFO  testCases.TC001_AccountRegistrationTest - Validating expected message...
23:00:22.660 [main] INFO  testCases.TC001_AccountRegistrationTest - *** Finished TC001_AccountRegistrationTest ***
23:00:25.131 [main] INFO  testCases.TC002_LoginTest - **** Starting execution TC002_LoginTest *****
23:00:26.874 [main] INFO  testCases.TC002_LoginTest - **** Finished execution TC002_LoginTest *****
23:30:30.845 [main] INFO  testCases.TC001_AccountRegistrationTest - *** Starting TC001_AccountRegistrationTest ***
23:30:30.980 [main] INFO  testCases.TC001_AccountRegistrationTest - Clicked on MyAccount Link...
23:30:31.317 [main] INFO  testCases.TC001_AccountRegistrationTest - Clicked on Register Link...
23:30:31.320 [main] INFO  testCases.TC001_AccountRegistrationTest - Providing customer details...
23:30:32.200 [main] INFO  testCases.TC001_AccountRegistrationTest - Validating expected message...
23:30:33.444 [main] INFO  testCases.TC001_AccountRegistrationTest - *** Finished TC001_AccountRegistrationTest ***
23:30:36.145 [main] INFO  testCases.TC002_LoginTest - **** Starting execution TC002_LoginTest *****
23:30:37.752 [main] INFO  testCases.TC002_LoginTest - **** Finished execution TC002_LoginTest *****
23:49:20.689 [main] INFO  testCases.TC001_AccountRegistrationTest - *** Starting TC001_AccountRegistrationTest ***
23:49:20.827 [main] INFO  testCases.TC001_AccountRegistrationTest - Clicked on MyAccount Link...
23:49:21.166 [main] INFO  testCases.TC001_AccountRegistrationTest - Clicked on Register Link...
23:49:21.169 [main] INFO  testCases.TC001_AccountRegistrationTest - Providing customer details...
23:49:22.782 [main] INFO  testCases.TC001_AccountRegistrationTest - Validating expected message...
23:49:22.850 [main] INFO  testCases.TC001_AccountRegistrationTest - *** Finished TC001_AccountRegistrationTest ***
