00:10:01.704 [main] INFO  testCases.TC002_LoginTest - **** Starting execution TC002_LoginTest *****
00:10:05.621 [main] INFO  testCases.TC002_LoginTest - **** Finished execution TC002_LoginTest *****
00:10:30.440 [main] INFO  org.testng.internal.Utils - [TestNG] Running:
  E:\Eclipse Workspace\OpencartV33\crossbrowsertesting.xml

00:10:30.620 [TestNG-tests-3] INFO  testCases.TC001_AccountRegistrationTest - *** Starting TC001_AccountRegistrationTest ***
00:10:30.665 [TestNG-tests-3] ERROR testCases.TC001_AccountRegistrationTest - Test failed...
00:10:34.244 [TestNG-tests-1] INFO  testCases.TC001_AccountRegistrationTest - *** Starting TC001_AccountRegistrationTest ***
00:10:34.359 [TestNG-tests-1] INFO  testCases.TC001_AccountRegistrationTest - Clicked on MyAccount Link...
00:10:34.749 [TestNG-tests-1] INFO  testCases.TC001_AccountRegistrationTest - Clicked on Register Link...
00:10:34.752 [TestNG-tests-1] INFO  testCases.TC001_AccountRegistrationTest - Providing customer details...
00:10:36.098 [TestNG-tests-1] INFO  testCases.TC001_AccountRegistrationTest - Validating expected message...
00:10:36.277 [TestNG-tests-1] INFO  testCases.TC001_AccountRegistrationTest - *** Finished TC001_AccountRegistrationTest ***
00:10:37.383 [TestNG-tests-2] INFO  testCases.TC001_AccountRegistrationTest - *** Starting TC001_AccountRegistrationTest ***
00:10:37.487 [TestNG-tests-2] INFO  testCases.TC001_AccountRegistrationTest - Clicked on MyAccount Link...
00:10:37.847 [TestNG-tests-2] INFO  testCases.TC001_AccountRegistrationTest - Clicked on Register Link...
00:10:37.848 [TestNG-tests-2] INFO  testCases.TC001_AccountRegistrationTest - Providing customer details...
00:10:39.011 [TestNG-tests-2] INFO  testCases.TC001_AccountRegistrationTest - Validating expected message...
00:10:39.055 [TestNG-tests-2] INFO  testCases.TC001_AccountRegistrationTest - *** Finished TC001_AccountRegistrationTest ***
23:06:23.641 [main] INFO  org.testng.internal.Utils - [TestNG] Running:
  E:\Eclipse Workspace\OpencartV33\grid-docker.xml

23:06:29.577 [main] INFO  testCases.TC001_AccountRegistrationTest - *** Starting TC001_AccountRegistrationTest ***
23:06:29.883 [main] INFO  testCases.TC001_AccountRegistrationTest - Clicked on MyAccount Link...
23:06:30.456 [main] INFO  testCases.TC001_AccountRegistrationTest - Clicked on Register Link...
23:06:30.461 [main] INFO  testCases.TC001_AccountRegistrationTest - Providing customer details...
23:06:35.798 [main] INFO  testCases.TC001_AccountRegistrationTest - Validating expected message...
23:06:35.895 [main] INFO  testCases.TC001_AccountRegistrationTest - *** Finished TC001_AccountRegistrationTest ***
23:06:37.835 [main] INFO  testCases.TC002_LoginTest - **** Starting execution TC002_LoginTest *****
23:06:40.232 [main] INFO  testCases.TC002_LoginTest - **** Finished execution TC002_LoginTest *****
23:09:21.991 [main] INFO  org.testng.internal.Utils - [TestNG] Running:
  E:\Eclipse Workspace\OpencartV33\grid-docker.xml

23:09:24.836 [main] INFO  testCases.TC001_AccountRegistrationTest - *** Starting TC001_AccountRegistrationTest ***
23:09:25.023 [main] INFO  testCases.TC001_AccountRegistrationTest - Clicked on MyAccount Link...
23:09:25.678 [main] INFO  testCases.TC001_AccountRegistrationTest - Clicked on Register Link...
23:09:25.684 [main] INFO  testCases.TC001_AccountRegistrationTest - Providing customer details...
23:09:28.025 [main] INFO  testCases.TC001_AccountRegistrationTest - Validating expected message...
23:09:28.100 [main] INFO  testCases.TC001_AccountRegistrationTest - *** Finished TC001_AccountRegistrationTest ***
23:09:30.105 [main] INFO  testCases.TC002_LoginTest - **** Starting execution TC002_LoginTest *****
23:09:34.141 [main] INFO  testCases.TC002_LoginTest - **** Finished execution TC002_LoginTest *****
23:09:44.312 [main] INFO  testCases.TC001_AccountRegistrationTest - *** Starting TC001_AccountRegistrationTest ***
23:09:44.650 [main] INFO  testCases.TC001_AccountRegistrationTest - Clicked on MyAccount Link...
23:09:45.294 [main] INFO  testCases.TC001_AccountRegistrationTest - Clicked on Register Link...
23:09:45.296 [main] INFO  testCases.TC001_AccountRegistrationTest - Providing customer details...
23:09:46.809 [main] INFO  testCases.TC001_AccountRegistrationTest - Validating expected message...
23:09:46.878 [main] INFO  testCases.TC001_AccountRegistrationTest - *** Finished TC001_AccountRegistrationTest ***
23:09:52.716 [main] INFO  testCases.TC002_LoginTest - **** Starting execution TC002_LoginTest *****
23:09:54.358 [main] INFO  testCases.TC002_LoginTest - **** Finished execution TC002_LoginTest *****
23:58:09.669 [main] INFO  org.testng.internal.Utils - [TestNG] Running:
  E:\Eclipse Workspace\OpencartV33\grid-docker.xml

23:58:15.286 [main] INFO  testCases.TC001_AccountRegistrationTest - *** Starting TC001_AccountRegistrationTest ***
23:58:15.586 [main] INFO  testCases.TC001_AccountRegistrationTest - Clicked on MyAccount Link...
23:58:16.242 [main] INFO  testCases.TC001_AccountRegistrationTest - Clicked on Register Link...
