23:49:25.551 [main] INFO  testCases.TC002_LoginTest - **** Starting execution TC002_LoginTest *****
23:49:27.333 [main] INFO  testCases.TC002_LoginTest - **** Finished execution TC002_LoginTest *****
00:03:52.603 [main] INFO  testCases.TC001_AccountRegistrationTest - *** Starting TC001_AccountRegistrationTest ***
00:03:52.749 [main] INFO  testCases.TC001_AccountRegistrationTest - Clicked on MyAccount Link...
00:03:53.091 [main] INFO  testCases.TC001_AccountRegistrationTest - Clicked on Register Link...
00:03:53.097 [main] INFO  testCases.TC001_AccountRegistrationTest - Providing customer details...
00:03:55.215 [main] INFO  testCases.TC001_AccountRegistrationTest - Validating expected message...
00:03:55.309 [main] INFO  testCases.TC001_AccountRegistrationTest - *** Finished TC001_AccountRegistrationTest ***
00:03:57.383 [main] INFO  testCases.TC002_LoginTest - **** Starting execution TC002_LoginTest *****
00:03:58.837 [main] INFO  testCases.TC002_LoginTest - **** Finished execution TC002_LoginTest *****
00:10:26.092 [main] INFO  testCases.TC001_AccountRegistrationTest - *** Starting TC001_AccountRegistrationTest ***
00:10:26.218 [main] INFO  testCases.TC001_AccountRegistrationTest - Clicked on MyAccount Link...
00:10:26.578 [main] INFO  testCases.TC001_AccountRegistrationTest - Clicked on Register Link...
00:10:26.582 [main] INFO  testCases.TC001_AccountRegistrationTest - Providing customer details...
00:10:28.271 [main] INFO  testCases.TC001_AccountRegistrationTest - Validating expected message...
00:10:28.345 [main] INFO  testCases.TC001_AccountRegistrationTest - *** Finished TC001_AccountRegistrationTest ***
00:10:30.508 [main] INFO  testCases.TC002_LoginTest - **** Starting execution TC002_LoginTest *****
00:10:32.297 [main] INFO  testCases.TC002_LoginTest - **** Finished execution TC002_LoginTest *****
22:11:21.445 [main] INFO  testCases.TC001_AccountRegistrationTest - *** Starting TC001_AccountRegistrationTest ***
22:11:21.581 [main] INFO  testCases.TC001_AccountRegistrationTest - Clicked on MyAccount Link...
22:11:21.915 [main] INFO  testCases.TC001_AccountRegistrationTest - Clicked on Register Link...
22:11:21.918 [main] INFO  testCases.TC001_AccountRegistrationTest - Providing customer details...
22:11:23.253 [main] INFO  testCases.TC001_AccountRegistrationTest - Validating expected message...
22:11:23.359 [main] INFO  testCases.TC001_AccountRegistrationTest - *** Finished TC001_AccountRegistrationTest ***
22:11:26.869 [main] INFO  testCases.TC002_LoginTest - **** Starting execution TC002_LoginTest *****
22:11:28.094 [main] INFO  testCases.TC002_LoginTest - **** Finished execution TC002_LoginTest *****
22:16:38.996 [main] INFO  testCases.TC001_AccountRegistrationTest - *** Starting TC001_AccountRegistrationTest ***
22:16:39.139 [main] INFO  testCases.TC001_AccountRegistrationTest - Clicked on MyAccount Link...
22:16:39.512 [main] INFO  testCases.TC001_AccountRegistrationTest - Clicked on Register Link...
22:16:39.515 [main] INFO  testCases.TC001_AccountRegistrationTest - Providing customer details...
22:16:40.989 [main] INFO  testCases.TC001_AccountRegistrationTest - Validating expected message...
22:16:41.148 [main] INFO  testCases.TC001_AccountRegistrationTest - *** Finished TC001_AccountRegistrationTest ***
22:16:48.034 [main] INFO  testCases.TC002_LoginTest - **** Starting execution TC002_LoginTest *****
22:16:50.578 [main] INFO  testCases.TC002_LoginTest - **** Finished execution TC002_LoginTest *****
